#-----------------------------------------------------------
# Vivado v2019.2 (64-bit)
# SW Build 2708876 on Wed Nov  6 21:40:23 MST 2019
# IP Build 2700528 on Thu Nov  7 00:09:20 MST 2019
# Start of session at: Tue Oct 20 19:55:35 2020
# Process ID: 18816
# Current directory: D:/Anul III/Sem I/CN2/lab01_skel/project_1/project_1.sim/sim_1/behav/xsim
# Command line: vivado.exe -gui_launcher_event rodinguilauncherevent22560 D:\Anul III\Sem I\CN2\lab01_skel\project_1\project_1.sim\sim_1\behav\xsim\sim_task1_behav.wdb
# Log file: D:/Anul III/Sem I/CN2/lab01_skel/project_1/project_1.sim/sim_1/behav/xsim/vivado.log
# Journal file: D:/Anul III/Sem I/CN2/lab01_skel/project_1/project_1.sim/sim_1/behav/xsim\vivado.jou
#-----------------------------------------------------------
start_gui
open_wave_database {D:\Anul III\Sem I\CN2\lab01_skel\project_1\project_1.sim\sim_1\behav\xsim\sim_task1_behav.wdb}
INFO: [IP_Flow 19-234] Refreshing IP repositories
INFO: [IP_Flow 19-1704] No user IP repositories specified
INFO: [IP_Flow 19-2313] Loaded Vivado IP repository 'D:/Vivado/20INFO: [IP_Flow current_fileset: Time (s): cpu = 00:00:18 ; elapsed = 00:00:27 . Memory (MB): peak = 840.410 ; gain = 229.461
open_wave_database: Time (s): cpu = 00:00:22 ; elapsed = 00:00:29 . Memory (MB): peak = 846.125 ; gain = 235.176
close_sim
INFO: [Simtcl 6-16] Simulation closed
exit
INFO: [Common 17-206] Exiting Vivado at Tue Oct 20 19:56:56 2020...
 842.945 ; gain = 233.832
INFO: [Common 17-344] 'current_fileset' was cancelled
INFO: [Common 17-344] 'open_wave_database' was cancelled
1
INFO: [Common 17-344] 'rdi::open_ppr_or_dcp' was cancelled
exit
INFO: [Common 17-206] Exiting Vivado at Tue Oct 20 19:56:59 2020...
