Command line:
   decode_unit_isim_beh.exe
     -simmode  gui
     -simrunnum  0
     -socket  61343

Tue Oct 27 09:56:48 2020


 Elaboration Time: 0.015625 sec

 Current Memory Usage: 5150.63 Meg

 Total Signals          : 15
 Total Nets             : 51
 Total Signal Drivers   : 11
 Total Blocks           : 2
 Total Primitive Blocks : 2
 Total Processes        : 13
 Total Traceable Variables  : 23
 Total Scalar Nets and Variables : 213
Total Line Count : 49

 Total Simulation Time: 0.03125 sec

 Current Memory Usage: 5150.63 Meg

Tue Oct 27 09:56:51 2020

